[0.007s] Invoking command in '/home/hosogaya/sdf_generator/build/sdf_generator': /usr/bin/cmake /home/hosogaya/sdf_generator -DCMAKE_INSTALL_PREFIX=/home/hosogaya/sdf_generator/install/sdf_generator
[0.018s] -- Found ament_cmake: 1.3.9 (/opt/ros/humble/share/ament_cmake/cmake)
[0.124s] -- Eigen found (include: /usr/include/eigen3, version: 3.4.0)
[0.159s] -- FLANN found (include: /usr/include, lib: /usr/lib/x86_64-linux-gnu/libflann_cpp.so)
[0.369s] -- OpenNI found (version: 1.5.4.0, include: /usr/include/ni, lib: /usr/lib/libOpenNI.so;libusb::libusb)
[0.373s] -- OpenNI2 found (version: 2.2.0.33, include: /usr/include/openni2, lib: /usr/lib/x86_64-linux-gnu/libOpenNI2.so;libusb::libusb)
[0.373s] [0m** WARNING ** io features related to pcap will be disabled[0m
[0.475s] -- Eigen found (include: /usr/include/eigen3, version: 3.4.0)
[0.479s] -- OpenNI found (version: 1.5.4.0, include: /usr/include/ni, lib: /usr/lib/libOpenNI.so;libusb::libusb)
[0.483s] -- OpenNI2 found (version: 2.2.0.33, include: /usr/include/openni2, lib: /usr/lib/x86_64-linux-gnu/libOpenNI2.so;libusb::libusb)
[0.575s] -- Found Qhull version 8.0.2
[0.671s] -- OpenNI found (version: 1.5.4.0, include: /usr/include/ni, lib: /usr/lib/libOpenNI.so;libusb::libusb)
[0.763s] -- looking for PCL_COMMON
[0.763s] -- looking for PCL_KDTREE
[0.764s] -- looking for PCL_OCTREE
[0.764s] -- looking for PCL_SEARCH
[0.764s] -- looking for PCL_SAMPLE_CONSENSUS
[0.764s] -- looking for PCL_FILTERS
[0.764s] -- looking for PCL_2D
[0.764s] -- looking for PCL_GEOMETRY
[0.765s] -- looking for PCL_IO
[0.765s] -- looking for PCL_FEATURES
[0.765s] -- looking for PCL_ML
[0.765s] -- looking for PCL_SEGMENTATION
[0.766s] -- looking for PCL_VISUALIZATION
[0.766s] -- looking for PCL_SURFACE
[0.766s] -- looking for PCL_REGISTRATION
[0.766s] -- looking for PCL_KEYPOINTS
[0.766s] -- looking for PCL_TRACKING
[0.767s] -- looking for PCL_RECOGNITION
[0.767s] -- looking for PCL_STEREO
[0.767s] -- looking for PCL_APPS
[0.768s] -- looking for PCL_IN_HAND_SCANNER
[0.768s] -- looking for PCL_MODELER
[0.768s] -- looking for PCL_POINT_CLOUD_EDITOR
[0.768s] -- looking for PCL_OUTOFCORE
[0.768s] -- looking for PCL_PEOPLE
[0.769s] -- Found ament_lint_auto: 0.12.11 (/opt/ros/humble/share/ament_lint_auto/cmake)
[0.770s] [0mCMake Error: File /home/hosogaya/sdf_generator/package.xml does not exist.[0m
[0.770s] [31mCMake Error at /opt/ros/humble/share/ament_cmake_core/cmake/core/stamp.cmake:24 (configure_file):
[0.770s]   configure_file Problem configuring file
[0.770s] Call Stack (most recent call first):
[0.770s]   /opt/ros/humble/share/ament_cmake_core/cmake/core/ament_package_xml.cmake:73 (stamp)
[0.770s]   /opt/ros/humble/share/ament_cmake_core/cmake/core/ament_package_xml.cmake:49 (_ament_package_xml)
[0.770s]   /opt/ros/humble/share/ament_lint_auto/cmake/ament_lint_auto_find_test_dependencies.cmake:31 (ament_package_xml)
[0.770s]   CMakeLists.txt:53 (ament_lint_auto_find_test_dependencies)
[0.770s] 
[0.770s] [0m
[0.770s] [0mCMake Error: File /home/hosogaya/sdf_generator/package.xml does not exist.[0m
[0.770s] [31mCMake Error at /opt/ros/humble/share/ament_cmake_core/cmake/core/stamp.cmake:24 (configure_file):
[0.770s]   configure_file Problem configuring file
[0.770s] Call Stack (most recent call first):
[0.770s]   /opt/ros/humble/share/ament_cmake_core/cmake/core/ament_package_xml.cmake:73 (stamp)
[0.771s]   /opt/ros/humble/share/ament_cmake_core/cmake/core/ament_package_xml.cmake:49 (_ament_package_xml)
[0.771s]   /opt/ros/humble/share/ament_cmake_core/cmake/core/ament_package.cmake:63 (ament_package_xml)
[0.771s]   CMakeLists.txt:58 (ament_package)
[0.771s] 
[0.771s] [0m
[0.780s] -- Configuring incomplete, errors occurred!
[0.780s] See also "/home/hosogaya/sdf_generator/build/sdf_generator/CMakeFiles/CMakeOutput.log".
[0.787s] Invoked command in '/home/hosogaya/sdf_generator/build/sdf_generator' returned '1': /usr/bin/cmake /home/hosogaya/sdf_generator -DCMAKE_INSTALL_PREFIX=/home/hosogaya/sdf_generator/install/sdf_generator
