[0.008s] Invoking command in '/home/hosogaya/sdf_generator/build/sdf_generator': /usr/bin/cmake /home/hosogaya/sdf_generator -DCMAKE_INSTALL_PREFIX=/home/hosogaya/sdf_generator/install/sdf_generator
[0.086s] -- The C compiler identification is GNU 11.4.0
[0.153s] -- The CXX compiler identification is GNU 11.4.0
[0.162s] -- Detecting C compiler ABI info
[0.219s] -- Detecting C compiler ABI info - done
[0.228s] -- Check for working C compiler: /usr/bin/cc - skipped
[0.229s] -- Detecting C compile features
[0.230s] -- Detecting C compile features - done
[0.235s] -- Detecting CXX compiler ABI info
[0.305s] -- Detecting CXX compiler ABI info - done
[0.317s] -- Check for working CXX compiler: /usr/bin/c++ - skipped
[0.318s] -- Detecting CXX compile features
[0.318s] -- Detecting CXX compile features - done
[0.325s] -- Found ament_cmake: 1.3.9 (/opt/ros/humble/share/ament_cmake/cmake)
[0.439s] -- Found Python3: /usr/bin/python3 (found version "3.10.12") found components: Interpreter 
[0.523s] -- Found OpenCV: /usr (found version "4.5.4") 
[0.534s] -- Checking for module 'eigen3'
[0.545s] --   Found eigen3, version 3.4.0
[0.576s] -- Found Eigen: /usr/include/eigen3 (Required is at least version "3.1") 
[0.576s] -- Eigen found (include: /usr/include/eigen3, version: 3.4.0)
[0.593s] -- Found Boost: /usr/lib/x86_64-linux-gnu/cmake/Boost-1.74.0/BoostConfig.cmake (found suitable version "1.74.0", minimum required is "1.65.0") found components: system filesystem date_time iostreams serialization 
[0.605s] -- Checking for module 'flann'
[0.615s] --   Found flann, version 1.9.1
[0.662s] -- Found FLANN: /usr/lib/x86_64-linux-gnu/libflann_cpp.so  
[0.663s] -- FLANN found (include: /usr/include, lib: /usr/lib/x86_64-linux-gnu/libflann_cpp.so)
[0.689s] -- Looking for pthread.h
[0.754s] -- Looking for pthread.h - found
[0.754s] -- Performing Test CMAKE_HAVE_LIBC_PTHREAD
[0.824s] -- Performing Test CMAKE_HAVE_LIBC_PTHREAD - Success
[0.825s] -- Found Threads: TRUE  
[0.826s] -- Found GLEW: /usr/lib/x86_64-linux-gnu/libGLEW.so  
[0.830s] -- Found OpenGL: /usr/lib/x86_64-linux-gnu/libOpenGL.so  found components: OpenGL GLX 
[0.948s] -- Found MPI_C: /usr/lib/x86_64-linux-gnu/libmpi.so (found version "3.1") 
[0.948s] -- Found MPI: TRUE (found version "3.1") found components: C 
[0.951s] -- Found JsonCpp: /usr/lib/x86_64-linux-gnu/libjsoncpp.so (found suitable version "1.9.5", minimum required is "0.7.0") 
[0.964s] -- Found ZLIB: /usr/lib/x86_64-linux-gnu/libz.so (found version "1.2.11") 
[0.986s] -- Found PNG: /usr/lib/x86_64-linux-gnu/libpng.so (found version "1.6.37") 
[1.004s] -- Found Eigen3: /usr/include/eigen3 (found version "3.4.0") 
[1.072s] -- Found X11: /usr/include   
[1.072s] -- Looking for XOpenDisplay in /usr/lib/x86_64-linux-gnu/libX11.so;/usr/lib/x86_64-linux-gnu/libXext.so
[1.132s] -- Looking for XOpenDisplay in /usr/lib/x86_64-linux-gnu/libX11.so;/usr/lib/x86_64-linux-gnu/libXext.so - found
[1.133s] -- Looking for gethostbyname
[1.191s] -- Looking for gethostbyname - found
[1.191s] -- Looking for connect
[1.250s] -- Looking for connect - found
[1.250s] -- Looking for remove
[1.310s] -- Looking for remove - found
[1.310s] -- Looking for shmat
[1.369s] -- Looking for shmat - found
[1.370s] -- Looking for IceConnectionNumber in ICE
[1.428s] -- Looking for IceConnectionNumber in ICE - found
[1.509s] -- Found EXPAT: /usr/lib/x86_64-linux-gnu/libexpat.so (found version "2.4.7") 
[1.511s] -- Found double-conversion: /usr/lib/x86_64-linux-gnu/libdouble-conversion.so  
[1.514s] -- Found LZ4: /usr/lib/x86_64-linux-gnu/liblz4.so (found version "1.9.3") 
[1.517s] -- Found LZMA: /usr/lib/x86_64-linux-gnu/liblzma.so (found version "5.2.5") 
[1.534s] -- Found JPEG: /usr/lib/x86_64-linux-gnu/libjpeg.so (found version "80") 
[1.539s] -- Found TIFF: /usr/lib/x86_64-linux-gnu/libtiff.so (found version "4.3.0")  
[1.543s] -- Found Freetype: /usr/lib/x86_64-linux-gnu/libfreetype.so (found version "2.11.1") 
[1.550s] -- Found utf8cpp: /usr/include/utf8cpp  
[1.616s] -- Checking for module 'libusb-1.0'
[1.630s] --   Found libusb-1.0, version 1.0.25
[1.663s] -- Found libusb: /usr/lib/x86_64-linux-gnu/libusb-1.0.so  
[1.665s] -- Found OpenNI: /usr/lib/libOpenNI.so;libusb::libusb (found version "1.5.4.0") 
[1.665s] -- OpenNI found (version: 1.5.4.0, include: /usr/include/ni, lib: /usr/lib/libOpenNI.so;libusb::libusb)
[1.717s] -- Found OpenNI2: /usr/lib/x86_64-linux-gnu/libOpenNI2.so;libusb::libusb (found version "2.2.0.33") 
[1.717s] -- OpenNI2 found (version: 2.2.0.33, include: /usr/include/openni2, lib: /usr/lib/x86_64-linux-gnu/libOpenNI2.so;libusb::libusb)
[1.717s] [0m** WARNING ** io features related to pcap will be disabled[0m
[1.824s] -- Eigen found (include: /usr/include/eigen3, version: 3.4.0)
[1.829s] -- OpenNI found (version: 1.5.4.0, include: /usr/include/ni, lib: /usr/lib/libOpenNI.so;libusb::libusb)
[1.833s] -- OpenNI2 found (version: 2.2.0.33, include: /usr/include/openni2, lib: /usr/lib/x86_64-linux-gnu/libOpenNI2.so;libusb::libusb)
[1.935s] -- Found Qhull version 8.0.2
[2.033s] -- OpenNI found (version: 1.5.4.0, include: /usr/include/ni, lib: /usr/lib/libOpenNI.so;libusb::libusb)
[2.128s] -- looking for PCL_COMMON
[2.129s] -- Found PCL_COMMON: /usr/lib/x86_64-linux-gnu/libpcl_common.so  
[2.129s] -- looking for PCL_KDTREE
[2.129s] -- Found PCL_KDTREE: /usr/lib/x86_64-linux-gnu/libpcl_kdtree.so  
[2.129s] -- looking for PCL_OCTREE
[2.130s] -- Found PCL_OCTREE: /usr/lib/x86_64-linux-gnu/libpcl_octree.so  
[2.130s] -- looking for PCL_SEARCH
[2.130s] -- Found PCL_SEARCH: /usr/lib/x86_64-linux-gnu/libpcl_search.so  
[2.130s] -- looking for PCL_SAMPLE_CONSENSUS
[2.131s] -- Found PCL_SAMPLE_CONSENSUS: /usr/lib/x86_64-linux-gnu/libpcl_sample_consensus.so  
[2.131s] -- looking for PCL_FILTERS
[2.132s] -- Found PCL_FILTERS: /usr/lib/x86_64-linux-gnu/libpcl_filters.so  
[2.132s] -- looking for PCL_2D
[2.132s] -- Found PCL_2D: /usr/include/pcl-1.12  
[2.132s] -- looking for PCL_GEOMETRY
[2.132s] -- Found PCL_GEOMETRY: /usr/include/pcl-1.12  
[2.132s] -- looking for PCL_IO
[2.133s] -- Found PCL_IO: /usr/lib/x86_64-linux-gnu/libpcl_io.so  
[2.133s] -- looking for PCL_FEATURES
[2.133s] -- Found PCL_FEATURES: /usr/lib/x86_64-linux-gnu/libpcl_features.so  
[2.133s] -- looking for PCL_ML
[2.134s] -- Found PCL_ML: /usr/lib/x86_64-linux-gnu/libpcl_ml.so  
[2.134s] -- looking for PCL_SEGMENTATION
[2.135s] -- Found PCL_SEGMENTATION: /usr/lib/x86_64-linux-gnu/libpcl_segmentation.so  
[2.135s] -- looking for PCL_VISUALIZATION
[2.136s] -- Found PCL_VISUALIZATION: /usr/lib/x86_64-linux-gnu/libpcl_visualization.so  
[2.136s] -- looking for PCL_SURFACE
[2.136s] -- Found PCL_SURFACE: /usr/lib/x86_64-linux-gnu/libpcl_surface.so  
[2.136s] -- looking for PCL_REGISTRATION
[2.137s] -- Found PCL_REGISTRATION: /usr/lib/x86_64-linux-gnu/libpcl_registration.so  
[2.137s] -- looking for PCL_KEYPOINTS
[2.138s] -- Found PCL_KEYPOINTS: /usr/lib/x86_64-linux-gnu/libpcl_keypoints.so  
[2.138s] -- looking for PCL_TRACKING
[2.138s] -- Found PCL_TRACKING: /usr/lib/x86_64-linux-gnu/libpcl_tracking.so  
[2.138s] -- looking for PCL_RECOGNITION
[2.139s] -- Found PCL_RECOGNITION: /usr/lib/x86_64-linux-gnu/libpcl_recognition.so  
[2.139s] -- looking for PCL_STEREO
[2.139s] -- Found PCL_STEREO: /usr/lib/x86_64-linux-gnu/libpcl_stereo.so  
[2.140s] -- looking for PCL_APPS
[2.140s] -- Found PCL_APPS: /usr/lib/x86_64-linux-gnu/libpcl_apps.so  
[2.140s] -- looking for PCL_IN_HAND_SCANNER
[2.141s] -- Found PCL_IN_HAND_SCANNER: /usr/include/pcl-1.12  
[2.141s] -- looking for PCL_MODELER
[2.141s] -- Found PCL_MODELER: /usr/include/pcl-1.12  
[2.141s] -- looking for PCL_POINT_CLOUD_EDITOR
[2.141s] -- Found PCL_POINT_CLOUD_EDITOR: /usr/include/pcl-1.12  
[2.141s] -- looking for PCL_OUTOFCORE
[2.142s] -- Found PCL_OUTOFCORE: /usr/lib/x86_64-linux-gnu/libpcl_outofcore.so  
[2.142s] -- looking for PCL_PEOPLE
[2.142s] -- Found PCL_PEOPLE: /usr/lib/x86_64-linux-gnu/libpcl_people.so  
[2.143s] -- Found PCL: pcl_common;pcl_kdtree;pcl_octree;pcl_search;pcl_sample_consensus;pcl_filters;pcl_io;pcl_features;pcl_ml;pcl_segmentation;pcl_visualization;pcl_surface;pcl_registration;pcl_keypoints;pcl_tracking;pcl_recognition;pcl_stereo;pcl_apps;pcl_outofcore;pcl_people;Boost::system;Boost::filesystem;Boost::date_time;Boost::iostreams;Boost::serialization;/usr/lib/libOpenNI.so;libusb::libusb;/usr/lib/x86_64-linux-gnu/libOpenNI2.so;libusb::libusb;VTK::ChartsCore;VTK::CommonColor;VTK::CommonComputationalGeometry;VTK::CommonCore;VTK::CommonDataModel;VTK::CommonExecutionModel;VTK::CommonMath;VTK::CommonMisc;VTK::CommonTransforms;VTK::FiltersCore;VTK::FiltersExtraction;VTK::FiltersGeneral;VTK::FiltersGeometry;VTK::FiltersModeling;VTK::FiltersSources;VTK::ImagingCore;VTK::ImagingSources;VTK::InteractionImage;VTK::InteractionStyle;VTK::InteractionWidgets;VTK::IOCore;VTK::IOGeometry;VTK::IOImage;VTK::IOLegacy;VTK::IOPLY;VTK::RenderingAnnotation;VTK::RenderingCore;VTK::RenderingContext2D;VTK::RenderingLOD;VTK::RenderingFreeType;VTK::ViewsCore;VTK::ViewsContext2D;VTK::RenderingOpenGL2;VTK::GUISupportQt;FLANN::FLANN;QHULL::QHULL  
[2.143s] [31mCMake Error at CMakeLists.txt:25 (target_link_libraries):
[2.143s]   INTERFACE library can only be used with the INTERFACE keyword of
[2.143s]   target_link_libraries
[2.143s] 
[2.143s] [0m
[2.149s] -- Found ament_lint_auto: 0.12.11 (/opt/ros/humble/share/ament_lint_auto/cmake)
[2.150s] [0mCMake Error: File /home/hosogaya/sdf_generator/package.xml does not exist.[0m
[2.150s] [31mCMake Error at /opt/ros/humble/share/ament_cmake_core/cmake/core/stamp.cmake:24 (configure_file):
[2.150s]   configure_file Problem configuring file
[2.150s] Call Stack (most recent call first):
[2.150s]   /opt/ros/humble/share/ament_cmake_core/cmake/core/ament_package_xml.cmake:73 (stamp)
[2.151s]   /opt/ros/humble/share/ament_cmake_core/cmake/core/ament_package_xml.cmake:49 (_ament_package_xml)
[2.151s]   /opt/ros/humble/share/ament_lint_auto/cmake/ament_lint_auto_find_test_dependencies.cmake:31 (ament_package_xml)
[2.151s]   CMakeLists.txt:53 (ament_lint_auto_find_test_dependencies)
[2.151s] 
[2.151s] [0m
[2.151s] -- Configuring incomplete, errors occurred!
[2.151s] See also "/home/hosogaya/sdf_generator/build/sdf_generator/CMakeFiles/CMakeOutput.log".
[2.160s] Invoked command in '/home/hosogaya/sdf_generator/build/sdf_generator' returned '1': /usr/bin/cmake /home/hosogaya/sdf_generator -DCMAKE_INSTALL_PREFIX=/home/hosogaya/sdf_generator/install/sdf_generator
