[0.007s] Invoking command in '/home/hosogaya/sdf_generator/build/sdf_generator': CMAKE_PREFIX_PATH=/opt/ros/humble /usr/bin/cmake /home/hosogaya/sdf_generator -DCMAKE_INSTALL_PREFIX=/home/hosogaya/sdf_generator/install/sdf_generator
[0.017s] -- Found ament_cmake: 1.3.9 (/opt/ros/humble/share/ament_cmake/cmake)
[0.123s] -- Eigen found (include: /usr/include/eigen3, version: 3.4.0)
[0.161s] -- FLANN found (include: /usr/include, lib: /usr/lib/x86_64-linux-gnu/libflann_cpp.so)
[0.371s] -- OpenNI found (version: 1.5.4.0, include: /usr/include/ni, lib: /usr/lib/libOpenNI.so;libusb::libusb)
[0.375s] -- OpenNI2 found (version: 2.2.0.33, include: /usr/include/openni2, lib: /usr/lib/x86_64-linux-gnu/libOpenNI2.so;libusb::libusb)
[0.376s] [0m** WARNING ** io features related to pcap will be disabled[0m
[0.475s] -- Eigen found (include: /usr/include/eigen3, version: 3.4.0)
[0.479s] -- OpenNI found (version: 1.5.4.0, include: /usr/include/ni, lib: /usr/lib/libOpenNI.so;libusb::libusb)
[0.484s] -- OpenNI2 found (version: 2.2.0.33, include: /usr/include/openni2, lib: /usr/lib/x86_64-linux-gnu/libOpenNI2.so;libusb::libusb)
[0.575s] -- Found Qhull version 8.0.2
[0.671s] -- OpenNI found (version: 1.5.4.0, include: /usr/include/ni, lib: /usr/lib/libOpenNI.so;libusb::libusb)
[0.762s] -- looking for PCL_COMMON
[0.762s] -- looking for PCL_KDTREE
[0.762s] -- looking for PCL_OCTREE
[0.762s] -- looking for PCL_SEARCH
[0.763s] -- looking for PCL_SAMPLE_CONSENSUS
[0.763s] -- looking for PCL_FILTERS
[0.763s] -- looking for PCL_2D
[0.763s] -- looking for PCL_GEOMETRY
[0.763s] -- looking for PCL_IO
[0.764s] -- looking for PCL_FEATURES
[0.764s] -- looking for PCL_ML
[0.764s] -- looking for PCL_SEGMENTATION
[0.764s] -- looking for PCL_VISUALIZATION
[0.765s] -- looking for PCL_SURFACE
[0.765s] -- looking for PCL_REGISTRATION
[0.765s] -- looking for PCL_KEYPOINTS
[0.765s] -- looking for PCL_TRACKING
[0.765s] -- looking for PCL_RECOGNITION
[0.766s] -- looking for PCL_STEREO
[0.766s] -- looking for PCL_APPS
[0.766s] -- looking for PCL_IN_HAND_SCANNER
[0.767s] -- looking for PCL_MODELER
[0.767s] -- looking for PCL_POINT_CLOUD_EDITOR
[0.767s] -- looking for PCL_OUTOFCORE
[0.767s] -- looking for PCL_PEOPLE
[0.768s] -- Found ament_lint_auto: 0.12.11 (/opt/ros/humble/share/ament_lint_auto/cmake)
[0.812s] -- Added test 'copyright' to check source files copyright and LICENSE
[0.827s] -- Added test 'cppcheck' to perform static code analysis on C / C++ code
[0.827s] -- Configured cppcheck include dirs: $<BUILD_INTERFACE:/home/hosogaya/sdf_generator/include>
[0.827s] -- Configured cppcheck exclude dirs and/or files: 
[0.841s] -- Added test 'cpplint' to check C / C++ code against the Google style
[0.841s] -- Configured cpplint exclude dirs and/or files: 
[0.843s] -- Added test 'flake8' to check Python code syntax and style conventions
[0.847s] -- Added test 'lint_cmake' to check CMake code style
[0.849s] -- Added test 'pep257' to check Python code against some of the docstring style conventions in PEP 257
[0.863s] -- Added test 'uncrustify' to check C / C++ code style
[0.863s] -- Configured uncrustify additional arguments: 
[0.865s] -- Added test 'xmllint' to check XML markup files
[0.866s] -- Configuring done
[0.871s] -- Generating done
[0.872s] -- Build files have been written to: /home/hosogaya/sdf_generator/build/sdf_generator
[0.880s] Invoked command in '/home/hosogaya/sdf_generator/build/sdf_generator' returned '0': CMAKE_PREFIX_PATH=/opt/ros/humble /usr/bin/cmake /home/hosogaya/sdf_generator -DCMAKE_INSTALL_PREFIX=/home/hosogaya/sdf_generator/install/sdf_generator
[0.882s] Invoking command in '/home/hosogaya/sdf_generator/build/sdf_generator': CMAKE_PREFIX_PATH=/opt/ros/humble /usr/bin/cmake --build /home/hosogaya/sdf_generator/build/sdf_generator -- -j12 -l12
[0.914s] Invoked command in '/home/hosogaya/sdf_generator/build/sdf_generator' returned '0': CMAKE_PREFIX_PATH=/opt/ros/humble /usr/bin/cmake --build /home/hosogaya/sdf_generator/build/sdf_generator -- -j12 -l12
[0.942s] Invoking command in '/home/hosogaya/sdf_generator/build/sdf_generator': CMAKE_PREFIX_PATH=/opt/ros/humble /usr/bin/cmake --install /home/hosogaya/sdf_generator/build/sdf_generator
[0.948s] -- Install configuration: ""
[0.948s] -- Installing: /home/hosogaya/sdf_generator/install/sdf_generator/include/sdf_generator/
[0.948s] -- Installing: /home/hosogaya/sdf_generator/install/sdf_generator/include/sdf_generator//point_cloud
[0.948s] -- Installing: /home/hosogaya/sdf_generator/install/sdf_generator/include/sdf_generator//point_cloud/type.hpp
[0.948s] -- Installing: /home/hosogaya/sdf_generator/install/sdf_generator/include/sdf_generator//point_cloud/point_cloud_processor.hpp
[0.949s] -- Installing: /home/hosogaya/sdf_generator/install/sdf_generator/include/sdf_generator//point_cloud/conversions.hpp
[0.949s] -- Installing: /home/hosogaya/sdf_generator/install/sdf_generator/include/sdf_generator//point_cloud/color_maps
[0.949s] -- Installing: /home/hosogaya/sdf_generator/install/sdf_generator/include/sdf_generator//point_cloud/color_maps/gray_scale_color_map.hpp
[0.949s] -- Installing: /home/hosogaya/sdf_generator/install/sdf_generator/include/sdf_generator//point_cloud/color_maps/rainbow_color_map.hpp
[0.949s] -- Installing: /home/hosogaya/sdf_generator/install/sdf_generator/include/sdf_generator//point_cloud/color_maps/color_map.hpp
[0.949s] -- Installing: /home/hosogaya/sdf_generator/install/sdf_generator/include/sdf_generator//core
[0.949s] -- Installing: /home/hosogaya/sdf_generator/install/sdf_generator/include/sdf_generator//core/color.hpp
[0.949s] -- Installing: /home/hosogaya/sdf_generator/install/sdf_generator/include/sdf_generator//core/voxel.hpp
[0.949s] -- Installing: /home/hosogaya/sdf_generator/install/sdf_generator/include/sdf_generator//core/type.hpp
[0.949s] -- Installing: /home/hosogaya/sdf_generator/install/sdf_generator/include/sdf_generator//core/tsdf_map.hpp
[0.949s] -- Installing: /home/hosogaya/sdf_generator/install/sdf_generator/include/sdf_generator//core/layer.hpp
[0.949s] -- Installing: /home/hosogaya/sdf_generator/install/sdf_generator/include/sdf_generator//core/util.hpp
[0.950s] -- Installing: /home/hosogaya/sdf_generator/install/sdf_generator/include/sdf_generator//core/hash.hpp
[0.950s] -- Installing: /home/hosogaya/sdf_generator/install/sdf_generator/include/sdf_generator//core/block.hpp
[0.950s] -- Installing: /home/hosogaya/sdf_generator/install/sdf_generator/include/sdf_generator//integrator
[0.950s] -- Installing: /home/hosogaya/sdf_generator/install/sdf_generator/include/sdf_generator//interpolator
[0.950s] -- Installing: /home/hosogaya/sdf_generator/install/sdf_generator/include/sdf_generator//interpolator/interpolator_impl.hxx
[0.950s] -- Installing: /home/hosogaya/sdf_generator/install/sdf_generator/include/sdf_generator//interpolator/util.hpp
[0.950s] -- Installing: /home/hosogaya/sdf_generator/install/sdf_generator/include/sdf_generator//interpolator/interpolator.hpp
[0.950s] -- Installing: /home/hosogaya/sdf_generator/install/sdf_generator/share/ament_index/resource_index/package_run_dependencies/sdf_generator
[0.950s] -- Installing: /home/hosogaya/sdf_generator/install/sdf_generator/share/ament_index/resource_index/parent_prefix_path/sdf_generator
[0.951s] -- Installing: /home/hosogaya/sdf_generator/install/sdf_generator/share/sdf_generator/environment/ament_prefix_path.sh
[0.951s] -- Installing: /home/hosogaya/sdf_generator/install/sdf_generator/share/sdf_generator/environment/ament_prefix_path.dsv
[0.951s] -- Installing: /home/hosogaya/sdf_generator/install/sdf_generator/share/sdf_generator/environment/path.sh
[0.951s] -- Installing: /home/hosogaya/sdf_generator/install/sdf_generator/share/sdf_generator/environment/path.dsv
[0.951s] -- Installing: /home/hosogaya/sdf_generator/install/sdf_generator/share/sdf_generator/local_setup.bash
[0.951s] -- Installing: /home/hosogaya/sdf_generator/install/sdf_generator/share/sdf_generator/local_setup.sh
[0.951s] -- Installing: /home/hosogaya/sdf_generator/install/sdf_generator/share/sdf_generator/local_setup.zsh
[0.951s] -- Installing: /home/hosogaya/sdf_generator/install/sdf_generator/share/sdf_generator/local_setup.dsv
[0.952s] -- Installing: /home/hosogaya/sdf_generator/install/sdf_generator/share/sdf_generator/package.dsv
[0.952s] -- Installing: /home/hosogaya/sdf_generator/install/sdf_generator/share/ament_index/resource_index/packages/sdf_generator
[0.952s] -- Installing: /home/hosogaya/sdf_generator/install/sdf_generator/share/sdf_generator/cmake/sdf_generator_exportExport.cmake
[0.952s] -- Installing: /home/hosogaya/sdf_generator/install/sdf_generator/share/sdf_generator/cmake/ament_cmake_export_dependencies-extras.cmake
[0.952s] -- Installing: /home/hosogaya/sdf_generator/install/sdf_generator/share/sdf_generator/cmake/ament_cmake_export_targets-extras.cmake
[0.952s] -- Installing: /home/hosogaya/sdf_generator/install/sdf_generator/share/sdf_generator/cmake/sdf_generatorConfig.cmake
[0.952s] -- Installing: /home/hosogaya/sdf_generator/install/sdf_generator/share/sdf_generator/cmake/sdf_generatorConfig-version.cmake
[0.952s] -- Installing: /home/hosogaya/sdf_generator/install/sdf_generator/share/sdf_generator/package.xml
[0.954s] Invoked command in '/home/hosogaya/sdf_generator/build/sdf_generator' returned '0': CMAKE_PREFIX_PATH=/opt/ros/humble /usr/bin/cmake --install /home/hosogaya/sdf_generator/build/sdf_generator
