[0.008s] Invoking command in '/home/hosogaya/sdf_generator/build/sdf_generator': CMAKE_PREFIX_PATH=/opt/ros/humble /usr/bin/cmake /home/hosogaya/sdf_generator -DCMAKE_INSTALL_PREFIX=/home/hosogaya/sdf_generator/install/sdf_generator
[0.017s] -- Found ament_cmake: 1.3.9 (/opt/ros/humble/share/ament_cmake/cmake)
[0.127s] -- Eigen found (include: /usr/include/eigen3, version: 3.4.0)
[0.164s] -- FLANN found (include: /usr/include, lib: /usr/lib/x86_64-linux-gnu/libflann_cpp.so)
[0.386s] -- OpenNI found (version: 1.5.4.0, include: /usr/include/ni, lib: /usr/lib/libOpenNI.so;libusb::libusb)
[0.390s] -- OpenNI2 found (version: 2.2.0.33, include: /usr/include/openni2, lib: /usr/lib/x86_64-linux-gnu/libOpenNI2.so;libusb::libusb)
[0.390s] [0m** WARNING ** io features related to pcap will be disabled[0m
[0.489s] -- Eigen found (include: /usr/include/eigen3, version: 3.4.0)
[0.494s] -- OpenNI found (version: 1.5.4.0, include: /usr/include/ni, lib: /usr/lib/libOpenNI.so;libusb::libusb)
[0.498s] -- OpenNI2 found (version: 2.2.0.33, include: /usr/include/openni2, lib: /usr/lib/x86_64-linux-gnu/libOpenNI2.so;libusb::libusb)
[0.598s] -- Found Qhull version 8.0.2
[0.701s] -- OpenNI found (version: 1.5.4.0, include: /usr/include/ni, lib: /usr/lib/libOpenNI.so;libusb::libusb)
[0.801s] -- looking for PCL_COMMON
[0.801s] -- looking for PCL_KDTREE
[0.801s] -- looking for PCL_OCTREE
[0.801s] -- looking for PCL_SEARCH
[0.801s] -- looking for PCL_SAMPLE_CONSENSUS
[0.802s] -- looking for PCL_FILTERS
[0.802s] -- looking for PCL_2D
[0.802s] -- looking for PCL_GEOMETRY
[0.802s] -- looking for PCL_IO
[0.802s] -- looking for PCL_FEATURES
[0.803s] -- looking for PCL_ML
[0.803s] -- looking for PCL_SEGMENTATION
[0.803s] -- looking for PCL_VISUALIZATION
[0.803s] -- looking for PCL_SURFACE
[0.803s] -- looking for PCL_REGISTRATION
[0.804s] -- looking for PCL_KEYPOINTS
[0.804s] -- looking for PCL_TRACKING
[0.804s] -- looking for PCL_RECOGNITION
[0.804s] -- looking for PCL_STEREO
[0.805s] -- looking for PCL_APPS
[0.805s] -- looking for PCL_IN_HAND_SCANNER
[0.805s] -- looking for PCL_MODELER
[0.805s] -- looking for PCL_POINT_CLOUD_EDITOR
[0.806s] -- looking for PCL_OUTOFCORE
[0.806s] -- looking for PCL_PEOPLE
[0.806s] [31mCMake Error at CMakeLists.txt:25 (target_link_libraries):
[0.807s]   INTERFACE library can only be used with the INTERFACE keyword of
[0.807s]   target_link_libraries
[0.807s] 
[0.807s] [0m
[0.807s] -- Found ament_lint_auto: 0.12.11 (/opt/ros/humble/share/ament_lint_auto/cmake)
[0.870s] -- Added test 'copyright' to check source files copyright and LICENSE
[0.883s] -- Added test 'cppcheck' to perform static code analysis on C / C++ code
[0.883s] -- Configured cppcheck include dirs: $<BUILD_INTERFACE:/home/hosogaya/sdf_generator/include>
[0.883s] -- Configured cppcheck exclude dirs and/or files: 
[0.896s] -- Added test 'cpplint' to check C / C++ code against the Google style
[0.897s] -- Configured cpplint exclude dirs and/or files: 
[0.898s] -- Added test 'flake8' to check Python code syntax and style conventions
[0.902s] -- Added test 'lint_cmake' to check CMake code style
[0.904s] -- Added test 'pep257' to check Python code against some of the docstring style conventions in PEP 257
[0.918s] -- Added test 'uncrustify' to check C / C++ code style
[0.918s] -- Configured uncrustify additional arguments: 
[0.920s] -- Added test 'xmllint' to check XML markup files
[0.921s] -- Configuring incomplete, errors occurred!
[0.921s] See also "/home/hosogaya/sdf_generator/build/sdf_generator/CMakeFiles/CMakeOutput.log".
[0.930s] Invoked command in '/home/hosogaya/sdf_generator/build/sdf_generator' returned '1': CMAKE_PREFIX_PATH=/opt/ros/humble /usr/bin/cmake /home/hosogaya/sdf_generator -DCMAKE_INSTALL_PREFIX=/home/hosogaya/sdf_generator/install/sdf_generator
